#
# There is insufficient memory for the Java Runtime Environment to continue.
# Native memory allocation (mmap) failed to map 65536 bytes for Failed to commit area from 0x00000249e5ad0000 to 0x00000249e5ae0000 of length 65536.
# Possible reasons:
#   The system is out of physical RAM or swap space
#   The process is running with CompressedOops enabled, and the Java Heap may be blocking the growth of the native heap
# Possible solutions:
#   Reduce memory load on the system
#   Increase physical memory or swap space
#   Check if swap backing store is full
#   Decrease Java heap size (-Xmx/-Xms)
#   Decrease number of Java threads
#   Decrease Java thread stack sizes (-Xss)
#   Set larger code cache with -XX:ReservedCodeCacheSize=
# This output file may be truncated or incomplete.
#
#  Out of Memory Error (./open/src/hotspot/os/windows/os_windows.cpp:3293), pid=13536, tid=780
#
# JRE version:  (11.0.20+9) (build )
# Java VM: Java HotSpot(TM) 64-Bit Server VM (11.0.20+9-LTS-256, mixed mode, sharing, tiered, compressed oops, g1 gc, windows-amd64)
# No core dump will be written. Minidumps are not enabled by default on client versions of Windows
#

---------------  S U M M A R Y ------------

Command Line: -Dfile.encoding=UTF-8 --module-path=C:\Users\Dell\OneDrive\Documents\NetBeansProjects\ATMSimulator\build\classes LoginPage

Host: 11th Gen Intel(R) Core(TM) i5-11320H @ 3.20GHz, 8 cores, 15G,  Windows 11 , 64 bit Build 22621 (10.0.22621.3374)
Time: Mon May 27 17:44:32 2024 India Standard Time elapsed time: 0.010389 seconds (0d 0h 0m 0s)

---------------  T H R E A D  ---------------

Current thread (0x00000249c96ac800):  JavaThread "Unknown thread" [_thread_in_vm, id=780, stack(0x0000005bc6200000,0x0000005bc6300000)]

Stack: [0x0000005bc6200000,0x0000005bc6300000]
Native frames: (J=compiled Java code, j=interpreted, Vv=VM code, C=native code)
V  [jvm.dll+0x6602ba]
V  [jvm.dll+0x7a32af]
V  [jvm.dll+0x7a4979]
V  [jvm.dll+0x7a5013]
V  [jvm.dll+0x258ef5]
V  [jvm.dll+0x65d619]
V  [jvm.dll+0x652375]
V  [jvm.dll+0x31359d]
V  [jvm.dll+0x313402]
V  [jvm.dll+0x318150]
V  [jvm.dll+0x360154]
V  [jvm.dll+0x35fba2]
V  [jvm.dll+0x2eec28]
V  [jvm.dll+0x2efd35]
V  [jvm.dll+0x77c327]
V  [jvm.dll+0x77dc0f]
V  [jvm.dll+0x36d3d9]
V  [jvm.dll+0x760d0f]
V  [jvm.dll+0x3df467]
V  [jvm.dll+0x3e1511]
C  [jli.dll+0x52e7]
C  [ucrtbase.dll+0x29333]
C  [KERNEL32.DLL+0x1257d]
C  [ntdll.dll+0x5aa48]


---------------  P R O C E S S  ---------------

Threads class SMR info:
_java_thread_list=0x00000249c74dd300, length=0, elements={
}

Java Threads: ( => current thread )

Other Threads:
  0x00000249c96c5000 GCTaskThread "GC Thread#0" [stack: 0x0000005bc6300000,0x0000005bc6400000] [id=26876]
  0x00000249c9720800 ConcurrentGCThread "G1 Main Marker" [stack: 0x0000005bc6400000,0x0000005bc6500000] [id=29220]
  0x00000249c9722800 ConcurrentGCThread "G1 Conc#0" [stack: 0x0000005bc6500000,0x0000005bc6600000] [id=25188]

[error occurred during error reporting (printing all threads), id 0xc0000005, EXCEPTION_ACCESS_VIOLATION (0xc0000005) at pc=0x00007ff8f786f6e7]

VM state:not at safepoint (not fully initialized)

VM Mutex/Monitor currently owned by a thread:  ([mutex/lock_event])
[0x00000249c96a9060] Heap_lock - owner thread: 0x00000249c96ac800

Heap address: 0x0000000704000000, size: 4032 MB, Compressed Oops mode: Non-zero based: 0x0000000704000000
Narrow klass base: 0x0000000000000000, Narrow klass shift: 0

GC Heap History (0 events):
No events

Deoptimization events (0 events):
No events

Classes redefined (0 events):
No events

Internal exceptions (0 events):
No events

Events (0 events):
No events


Dynamic libraries:
0x00007ff6d5150000 - 0x00007ff6d5160000 	C:\Program Files\Java\jdk-11\bin\java.exe
0x00007ff951af0000 - 0x00007ff951d06000 	C:\WINDOWS\SYSTEM32\ntdll.dll
0x00007ff94f920000 - 0x00007ff94f9e4000 	C:\WINDOWS\System32\KERNEL32.DLL
0x00007ff94ee80000 - 0x00007ff94f227000 	C:\WINDOWS\System32\KERNELBASE.dll
0x00007ff94f590000 - 0x00007ff94f6a1000 	C:\WINDOWS\System32\ucrtbase.dll
0x00007ff946100000 - 0x00007ff94611b000 	C:\Program Files\Java\jdk-11\bin\VCRUNTIME140.dll
0x00007ff943270000 - 0x00007ff943289000 	C:\Program Files\Java\jdk-11\bin\jli.dll
0x00007ff951800000 - 0x00007ff9518b2000 	C:\WINDOWS\System32\ADVAPI32.dll
0x00007ff94fcb0000 - 0x00007ff94fd57000 	C:\WINDOWS\System32\msvcrt.dll
0x00007ff94fb40000 - 0x00007ff94fbe8000 	C:\WINDOWS\System32\sechost.dll
0x00007ff94f230000 - 0x00007ff94f258000 	C:\WINDOWS\System32\bcrypt.dll
0x00007ff94ff10000 - 0x00007ff950025000 	C:\WINDOWS\System32\RPCRT4.dll
0x00007ff951900000 - 0x00007ff951aae000 	C:\WINDOWS\System32\USER32.dll
0x00007ff94f560000 - 0x00007ff94f586000 	C:\WINDOWS\System32\win32u.dll
0x00007ff935aa0000 - 0x00007ff935d33000 	C:\WINDOWS\WinSxS\amd64_microsoft.windows.common-controls_6595b64144ccf1df_6.0.22621.3235_none_270f74e173860f98\COMCTL32.dll
0x00007ff9517d0000 - 0x00007ff9517f9000 	C:\WINDOWS\System32\GDI32.dll
0x00007ff94f440000 - 0x00007ff94f559000 	C:\WINDOWS\System32\gdi32full.dll
0x00007ff94f260000 - 0x00007ff94f2fa000 	C:\WINDOWS\System32\msvcp_win.dll
0x00007ff943e30000 - 0x00007ff943e3a000 	C:\WINDOWS\SYSTEM32\VERSION.dll
0x00007ff9518c0000 - 0x00007ff9518f1000 	C:\WINDOWS\System32\IMM32.DLL
0x00007ff947b80000 - 0x00007ff947b8c000 	C:\Program Files\Java\jdk-11\bin\vcruntime140_1.dll
0x00007ff9388c0000 - 0x00007ff93894e000 	C:\Program Files\Java\jdk-11\bin\msvcp140.dll
0x00007ff8f7570000 - 0x00007ff8f80dd000 	C:\Program Files\Java\jdk-11\bin\server\jvm.dll
0x00007ff94fc70000 - 0x00007ff94fc78000 	C:\WINDOWS\System32\PSAPI.DLL
0x00007ff946910000 - 0x00007ff946944000 	C:\WINDOWS\SYSTEM32\WINMM.dll
0x00007ff949d70000 - 0x00007ff949d79000 	C:\WINDOWS\SYSTEM32\WSOCK32.dll
0x00007ff94fbf0000 - 0x00007ff94fc61000 	C:\WINDOWS\System32\WS2_32.dll
0x00007ff94de30000 - 0x00007ff94de48000 	C:\WINDOWS\SYSTEM32\kernel.appcore.dll
0x00007ff9460f0000 - 0x00007ff946100000 	C:\Program Files\Java\jdk-11\bin\verify.dll
0x00007ff94c020000 - 0x00007ff94c253000 	C:\WINDOWS\SYSTEM32\DBGHELP.DLL
0x00007ff950c30000 - 0x00007ff950fb8000 	C:\WINDOWS\System32\combase.dll
0x00007ff94f9f0000 - 0x00007ff94fac7000 	C:\WINDOWS\System32\OLEAUT32.dll
0x00007ff946070000 - 0x00007ff9460a2000 	C:\WINDOWS\SYSTEM32\dbgcore.DLL
0x00007ff94f300000 - 0x00007ff94f379000 	C:\WINDOWS\System32\bcryptPrimitives.dll
0x00007ff93a5a0000 - 0x00007ff93a5c8000 	C:\Program Files\Java\jdk-11\bin\java.dll
0x00007ff93ab60000 - 0x00007ff93ab6a000 	C:\Program Files\Java\jdk-11\bin\jimage.dll
0x00007ff93a6e0000 - 0x00007ff93a6f7000 	C:\Program Files\Java\jdk-11\bin\zip.dll

dbghelp: loaded successfully - version: 4.0.5 - missing functions: none
symbol engine: initialized successfully - sym options: 0x614 - pdb path: .;C:\Program Files\Java\jdk-11\bin;C:\WINDOWS\SYSTEM32;C:\WINDOWS\WinSxS\amd64_microsoft.windows.common-controls_6595b64144ccf1df_6.0.22621.3235_none_270f74e173860f98;C:\Program Files\Java\jdk-11\bin\server

VM Arguments:
jvm_args: -Dfile.encoding=UTF-8 --module-path=C:\Users\Dell\OneDrive\Documents\NetBeansProjects\ATMSimulator\build\classes 
java_command: LoginPage
java_class_path (initial): C:\Users\Dell\OneDrive\Documents\NetBeansProjects\ATMSimulator\build\classes
Launcher Type: SUN_STANDARD

[Global flags]
     intx CICompilerCount                          = 4                                         {product} {ergonomic}
     uint ConcGCThreads                            = 2                                         {product} {ergonomic}
     uint G1ConcRefinementThreads                  = 8                                         {product} {ergonomic}
   size_t G1HeapRegionSize                         = 1048576                                   {product} {ergonomic}
    uintx GCDrainStackTargetSize                   = 64                                        {product} {ergonomic}
   size_t InitialHeapSize                          = 264241152                                 {product} {ergonomic}
   size_t MarkStackSize                            = 4194304                                   {product} {ergonomic}
   size_t MaxHeapSize                              = 4227858432                                {product} {ergonomic}
   size_t MinHeapDeltaBytes                        = 1048576                                   {product} {ergonomic}
    uintx NonNMethodCodeHeapSize                   = 5836300                                {pd product} {ergonomic}
    uintx NonProfiledCodeHeapSize                  = 122910970                              {pd product} {ergonomic}
    uintx ProfiledCodeHeapSize                     = 122910970                              {pd product} {ergonomic}
    uintx ReservedCodeCacheSize                    = 251658240                              {pd product} {ergonomic}
     bool SegmentedCodeCache                       = true                                      {product} {ergonomic}
     bool UseCompressedClassPointers               = true                                 {lp64_product} {ergonomic}
     bool UseCompressedOops                        = true                                 {lp64_product} {ergonomic}
     bool UseG1GC                                  = true                                      {product} {ergonomic}
     bool UseLargePagesIndividualAllocation        = false                                  {pd product} {ergonomic}

Logging:
Log output configuration:
 #0: stdout all=warning uptime,level,tags
 #1: stderr all=off uptime,level,tags

Environment Variables:
PATH=C:\Program Files\Common Files\Oracle\Java\javapath;C:\WINDOWS\system32;C:\WINDOWS;C:\WINDOWS\System32\Wbem;C:\WINDOWS\System32\WindowsPowerShell\v1.0\;C:\WINDOWS\System32\OpenSSH\;C:\Program Files\MySQL\MySQL Server 8.0\bin;C:\Program Files\Microsoft SQL Server\140\Tools\Binn\;c:\users\dell\appdata\local\packages\pythonsoftwarefoundation.python.3.10_qbz5n2kfra8p0\localcache\local-packages\python310\site-packages;C:\Program Files\Java\jdk-11\bin;C:\Program Files\Microsoft SQL Server\150\Tools\Binn\;C:\Program Files\Microsoft SQL Server\Client SDK\ODBC\170\Tools\Binn\;C:\Program Files (x86)\Microsoft SQL Server\160\Tools\Binn\;C:\Program Files\Microsoft SQL Server\160\Tools\Binn\;C:\Program Files\Microsoft SQL Server\160\DTS\Binn\;C:\Program Files\Azure Data Studio\bin;D:\Program Files D drive\Git\cmd;C:\Program Files\dotnet\;C:\Users\Dell\AppData\Local\Programs\Python\Python311\Scripts\;C:\Users\Dell\AppData\Local\Programs\Python\Python311\;C:\Program Files\MySQL\MySQL Shell 8.0\bin\;C:\Users\Dell\AppData\Local\Microsoft\WindowsApps;C:\Users\Dell\AppData\Local\Programs\Microsoft VS Code\bin;C:\Program Files\Azure Data Studio\bin;D:\Git\bin;
USERNAME=Dell
OS=Windows_NT
PROCESSOR_IDENTIFIER=Intel64 Family 6 Model 140 Stepping 2, GenuineIntel



---------------  S Y S T E M  ---------------

OS: Windows 11 , 64 bit Build 22621 (10.0.22621.3374)
Hyper-V role detected

CPU:total 8 (initial active 8) (4 cores per cpu, 2 threads per core) family 6 model 140 stepping 2 microcode 0x16, cmov, cx8, fxsr, mmx, sse, sse2, sse3, ssse3, sse4.1, sse4.2, popcnt, avx, avx2, aes, clmul, erms, 3dnowpref, lzcnt, ht, tsc, tscinvbit, bmi1, bmi2, adx, evex, sha, fma

Memory: 4k page, system-wide physical 16122M (4132M free)
TotalPageFile size 35425M (AvailPageFile size 5M)
current process WorkingSet (physical memory assigned to process): 15M, peak: 15M
current process commit charge ("private bytes"): 320M, peak: 320M

vm_info: Java HotSpot(TM) 64-Bit Server VM (11.0.20+9-LTS-256) for windows-amd64 JRE (11.0.20+9-LTS-256), built on Jun 14 2023 10:34:22 by "mach5one" with MS VC++ 17.1 (VS2022)

END.
